[15:56:24] [main/INFO]: Loading Minecraft 1.20.1 with Fabric Loader 0.16.14
[15:56:24] [main/INFO]: Loading 4 mods:
	- fabricloader 0.16.14
	   \-- mixinextras 0.4.1
	- java 21
	- minecraft 1.20.1
[15:56:25] [main/INFO]: SpongePowered MIXIN Subsystem Version=0.8.7 Source=file:/workspaces/MServer/libraries/net/fabricmc/sponge-mixin/0.15.5+mixin.0.8.7/sponge-mixin-0.15.5+mixin.0.8.7.jar Service=Knot/Fabric Env=SERVER
[15:56:38] [main/INFO]: Environment: authHost='https://authserver.mojang.com', accountsHost='https://api.mojang.com', sessionHost='https://sessionserver.mojang.com', servicesHost='https://api.minecraftservices.com', name='PROD'
[15:56:44] [main/INFO]: Loaded 7 recipes
[15:56:45] [main/INFO]: Loaded 1271 advancements
[15:56:46] [Server thread/INFO]: Starting minecraft server version 1.20.1
[15:56:46] [Server thread/INFO]: Loading properties
[15:56:46] [Server thread/INFO]: Default game type: SURVIVAL
[15:56:46] [Server thread/INFO]: Generating keypair
[15:56:46] [Server thread/INFO]: Starting Minecraft server on *:25565
[15:56:46] [Server thread/INFO]: Using epoll channel type
[15:56:46] [Server thread/WARN]: **** SERVER IS RUNNING IN OFFLINE/INSECURE MODE!
[15:56:46] [Server thread/WARN]: The server will make no attempt to authenticate usernames. Beware.
[15:56:46] [Server thread/WARN]: While this makes the game possible to play without internet access, it also opens up the ability for hackers to connect with any username they choose.
[15:56:46] [Server thread/WARN]: To change this, set "online-mode" to "true" in the server.properties file.
[15:56:47] [Server thread/INFO]: Preparing level "world"
[15:56:58] [Server thread/INFO]: Preparing start region for dimension minecraft:overworld
[15:57:01] [Worker-Main-1/INFO]: Preparing spawn area: 0%
[15:57:01] [Worker-Main-1/INFO]: Preparing spawn area: 0%
[15:57:01] [Worker-Main-1/INFO]: Preparing spawn area: 0%
[15:57:01] [Worker-Main-1/INFO]: Preparing spawn area: 0%
[15:57:01] [Worker-Main-1/INFO]: Preparing spawn area: 0%
[15:57:01] [Worker-Main-1/INFO]: Preparing spawn area: 0%
[15:57:01] [Worker-Main-1/INFO]: Preparing spawn area: 0%
[15:57:01] [Worker-Main-1/INFO]: Preparing spawn area: 0%
[15:57:02] [Worker-Main-1/INFO]: Preparing spawn area: 0%
[15:57:03] [Worker-Main-1/INFO]: Preparing spawn area: 0%
[15:57:03] [Worker-Main-1/INFO]: Preparing spawn area: 0%
[15:57:03] [Worker-Main-1/INFO]: Preparing spawn area: 0%
[15:57:04] [Worker-Main-1/INFO]: Preparing spawn area: 0%
[15:57:04] [Worker-Main-1/INFO]: Preparing spawn area: 0%
[15:57:05] [Worker-Main-1/INFO]: Preparing spawn area: 0%
[15:57:05] [Worker-Main-1/INFO]: Preparing spawn area: 0%
[15:57:06] [Worker-Main-1/INFO]: Preparing spawn area: 0%
[15:57:06] [Worker-Main-1/INFO]: Preparing spawn area: 0%
[15:57:07] [Worker-Main-1/INFO]: Preparing spawn area: 1%
[15:57:07] [Worker-Main-1/INFO]: Preparing spawn area: 3%
[15:57:08] [Worker-Main-1/INFO]: Preparing spawn area: 4%
[15:57:08] [Worker-Main-1/INFO]: Preparing spawn area: 4%
[15:57:09] [Worker-Main-1/INFO]: Preparing spawn area: 6%
[15:57:09] [Worker-Main-1/INFO]: Preparing spawn area: 21%
[15:57:10] [Worker-Main-1/INFO]: Preparing spawn area: 50%
[15:57:10] [Worker-Main-1/INFO]: Preparing spawn area: 68%
[15:57:11] [Worker-Main-1/INFO]: Preparing spawn area: 83%
[15:57:11] [Server thread/INFO]: Time elapsed: 13526 ms
[15:57:11] [Server thread/INFO]: Done (24.643s)! For help, type "help"
[15:58:14] [Server thread/INFO]: youssef_1bas[/[0:0:0:0:0:0:0:1%0]:38842] logged in with entity id 255 at (-8.5, 31.0, -7.5)
[15:58:14] [Server thread/INFO]: youssef_1bas joined the game
[15:58:44] [Server thread/INFO]: youssef_1bas lost connection: Timed out
[15:58:44] [Server thread/INFO]: youssef_1bas left the game
[15:58:45] [Server thread/INFO]: Tlfaz_Man[/[0:0:0:0:0:0:0:1%0]:37314] logged in with entity id 609 at (194.51249998807907, -3.0, 188.48851673016264)
[15:58:45] [Server thread/INFO]: Tlfaz_Man joined the game
[15:59:15] [Server thread/INFO]: youssef_1bas[/[0:0:0:0:0:0:0:1%0]:45082] logged in with entity id 946 at (-8.5, 31.0, -7.5)
[15:59:15] [Server thread/INFO]: youssef_1bas joined the game
[15:59:38] [Server thread/INFO]: [Not Secure] <youssef_1bas> wth is the spawn
[15:59:56] [Server thread/INFO]: [Not Secure] <youssef_1bas> with
[16:00:20] [Server thread/INFO]: [Not Secure] <Tlfaz_Man> what
[16:00:34] [Server thread/INFO]: [Not Secure] <youssef_1bas> I was in a cave
[16:00:55] [Server thread/INFO]: [Not Secure] <Tlfaz_Man> oh this cave is big I am in it
[16:00:58] [Server thread/INFO]: [Not Secure] <Tlfaz_Man> but deep
[16:01:43] [Server thread/INFO]: [Not Secure] <youssef_1bas> bro
[16:01:54] [Server thread/INFO]: [Not Secure] <Tlfaz_Man> what
[16:02:09] [Server thread/INFO]: [Not Secure] <youssef_1bas> am looting the village
[16:02:15] [Server thread/INFO]: [Not Secure] <Tlfaz_Man> k
[16:03:03] [Server thread/INFO]: [Not Secure] <youssef_1bas> can I x x the iron golem
[16:03:35] [Server thread/INFO]: [Not Secure] <youssef_1bas> ?
[16:03:40] [Server thread/INFO]: [Not Secure] <Tlfaz_Man> xx what
[16:03:44] [Server thread/INFO]: [Not Secure] <youssef_1bas> kill
[16:03:55] [Server thread/INFO]: [Not Secure] <Tlfaz_Man> yea do whatever you want
[16:04:05] [Server thread/INFO]: youssef_1bas was slain by Iron Golem
[16:05:24] [Server thread/INFO]: youssef_1bas was slain by Iron Golem
[16:05:40] [Server thread/INFO]: Tlfaz_Man was shot by Skeleton
[16:05:45] [Server thread/INFO]: [Not Secure] <Tlfaz_Man> bruh
[16:06:14] [Server thread/INFO]: [Not Secure] <Tlfaz_Man> back do you see me
[16:06:19] [Server thread/INFO]: youssef_1bas was slain by Iron Golem
[16:06:30] [Server thread/INFO]: Tlfaz_Man was slain by Iron Golem
[16:06:40] [Server thread/INFO]: [Not Secure] <youssef_1bas> wth with the hitbox
[16:07:01] [Server thread/WARN]: Mismatch in destroy block pos: class_2338{x=68, y=66, z=-122} class_2338{x=67, y=64, z=-122}
[16:07:02] [Server thread/WARN]: Mismatch in destroy block pos: class_2338{x=68, y=66, z=-122} class_2338{x=67, y=64, z=-122}
[16:07:02] [Server thread/WARN]: Mismatch in destroy block pos: class_2338{x=68, y=65, z=-123} class_2338{x=67, y=64, z=-122}
[16:07:12] [Server thread/INFO]: youssef_1bas was slain by Iron Golem
[16:07:22] [Server thread/INFO]: [Not Secure] <youssef_1bas> bro
[16:07:29] [Server thread/INFO]: [Not Secure] <Tlfaz_Man> look you build 3 blocks then stay away from the golem
[16:07:29] [Server thread/INFO]: [Not Secure] <youssef_1bas> what is the diff
[16:07:35] [Server thread/INFO]: [Not Secure] <youssef_1bas> ik
[16:07:46] [Server thread/INFO]: [Not Secure] <youssef_1bas> ?
[16:08:02] [Server thread/INFO]: [Not Secure] <Tlfaz_Man> The new thing to shift and stay at the edge of the block
[16:08:16] [Server thread/INFO]: [Not Secure] <youssef_1bas> what is th diff
[16:08:26] [Server thread/INFO]: Tlfaz_Man was slain by Iron Golem
[16:08:30] [Server thread/INFO]: [Not Secure] <youssef_1bas> lol
[16:08:39] [Server thread/INFO]: [Not Secure] <Tlfaz_Man> i slipped
[16:08:45] [Server thread/INFO]: [Not Secure] <youssef_1bas> bro
[16:08:50] [Server thread/INFO]: [Not Secure] <youssef_1bas> what is the dif
[16:09:06] [Server thread/INFO]: youssef_1bas has made the advancement [Sweet Dreams]
[16:09:13] [Server thread/INFO]: Tlfaz_Man has made the advancement [Sweet Dreams]
[16:09:18] [Server thread/INFO]: [Not Secure] <youssef_1bas> ????
[16:09:28] [Server thread/INFO]: [Not Secure] <Tlfaz_Man> wait I will do smth fast
[16:09:35] [Server thread/INFO]: [Not Secure] <youssef_1bas> bro answerrrr
[16:10:04] [Server thread/INFO]: [Not Secure] <Tlfaz_Man> back
[16:10:16] [Server thread/INFO]: youssef_1bas has made the advancement [Acquire Hardware]
[16:10:24] [Server thread/INFO]: [Not Secure] <Tlfaz_Man> differnce ??
[16:10:28] [Server thread/INFO]: [Not Secure] <youssef_1bas> nah
[16:10:36] [Server thread/INFO]: [Not Secure] <youssef_1bas> the difficulty
[16:10:48] [Server thread/INFO]: [Not Secure] <Tlfaz_Man> hard
[16:10:52] [Server thread/INFO]: [Not Secure] <youssef_1bas> bruhhh
[16:10:57] [Server thread/INFO]: [Not Secure] <Tlfaz_Man> we can play it like that
[16:11:02] [Server thread/INFO]: [Not Secure] <Tlfaz_Man> you just focus a little bit
[16:11:08] [Server thread/INFO]: [Not Secure] <Tlfaz_Man> it will be good for farms
[16:11:18] [Server thread/INFO]: [Not Secure] <Tlfaz_Man> it will help mobs to spawn more
[16:11:30] [Server thread/INFO]: [Not Secure] <youssef_1bas> bro I will put mods
[16:11:32] [Server thread/INFO]: [Not Secure] <Tlfaz_Man> where r u
[16:11:53] [Server thread/INFO]: youssef_1bas has made the advancement [Isn't It Iron Pick]
[16:12:07] [Server thread/INFO]: [Not Secure] <Tlfaz_Man> I have some iron if you want
[16:12:12] [Server thread/INFO]: [Not Secure] <Tlfaz_Man> i am in the village
[16:12:35] [Server thread/INFO]: [Not Secure] <youssef_1bas> can I put mods?
[16:12:50] [Server thread/INFO]: [Not Secure] <Tlfaz_Man> like gama and litematica
[16:13:12] [Server thread/INFO]: [Not Secure] <youssef_1bas> yea
[16:13:15] [Server thread/INFO]: [Not Secure] <youssef_1bas> and the map
[16:13:36] [Server thread/INFO]: [Not Secure] <youssef_1bas> ?
[16:13:40] [Server thread/INFO]: [Not Secure] <Tlfaz_Man> put anything
[16:13:43] [Server thread/INFO]: [Not Secure] <youssef_1bas> k
[16:14:01] [Server thread/INFO]: youssef_1bas lost connection: Timed out
[16:14:01] [Server thread/INFO]: youssef_1bas left the game
[16:24:13] [Server thread/INFO]: Tlfaz_Man has made the advancement [Ice Bucket Challenge]
[16:28:17] [Server thread/INFO]: youssef_1bas[/[0:0:0:0:0:0:0:1%0]:45004] logged in with entity id 11765 at (73.12547485675361, 67.0, -162.3293081617373)
[16:28:17] [Server thread/INFO]: youssef_1bas joined the game
[16:28:43] [Server thread/INFO]: [Not Secure] <youssef_1bas> it workedddddd
[16:30:41] [Server thread/INFO]: youssef_1bas suffocated in a wall
[16:30:56] [Server thread/INFO]: [Not Secure] <youssef_1bas> where is the cave
[16:31:18] [Server thread/INFO]: [Not Secure] <youssef_1bas> ?
[16:31:39] [Server thread/INFO]: [Not Secure] <Tlfaz_Man> it is just next to the spawn
[16:31:55] [Server thread/INFO]: [Not Secure] <youssef_1bas> sleep
[16:31:59] [Server thread/INFO]: Tlfaz_Man lost connection: Disconnected
[16:31:59] [Server thread/INFO]: Tlfaz_Man left the game
[16:32:06] [Server thread/INFO]: Tlfaz_Man[/[0:0:0:0:0:0:0:1%0]:42790] logged in with entity id 13016 at (145.86383683576358, 20.0, -163.20639842371256)
[16:32:06] [Server thread/INFO]: Tlfaz_Man joined the game
[16:32:11] [Server thread/INFO]: [Not Secure] <Tlfaz_Man> did you sleep
[16:32:16] [Server thread/INFO]: [Not Secure] <youssef_1bas> yea
[16:32:32] [Server thread/INFO]: youssef_1bas has made the advancement [Suit Up]
[16:33:37] [Server thread/INFO]: youssef_1bas was slain by Iron Golem
[16:33:45] [Server thread/INFO]: youssef_1bas was slain by Iron Golem
[16:35:40] [Server thread/INFO]: youssef_1bas was slain by Zombie
[16:35:47] [Server thread/INFO]: [Not Secure] <youssef_1bas> I will do smth
[16:36:18] [Server thread/INFO]: youssef_1bas lost connection: Timed out
[16:36:18] [Server thread/INFO]: youssef_1bas left the game
[16:39:00] [Server thread/INFO]: Tlfaz_Man was shot by Skeleton
[16:45:49] [Server thread/INFO]: Tlfaz_Man lost connection: Disconnected
[16:45:49] [Server thread/INFO]: Tlfaz_Man left the game
[16:46:23] [Server thread/INFO]: Stopping the server
[16:46:23] [Server thread/INFO]: Stopping server
[16:46:23] [Server thread/INFO]: Saving players
[16:46:23] [Server thread/INFO]: Saving worlds
[16:46:23] [Server thread/INFO]: Saving chunks for level 'ServerLevel[world]'/minecraft:overworld
[16:46:23] [Server thread/INFO]: Saving chunks for level 'ServerLevel[world]'/minecraft:the_end
[16:46:23] [Server thread/INFO]: Saving chunks for level 'ServerLevel[world]'/minecraft:the_nether
[16:46:23] [Server thread/INFO]: ThreadedAnvilChunkStorage (world): All chunks are saved
[16:46:23] [Server thread/INFO]: ThreadedAnvilChunkStorage (DIM1): All chunks are saved
[16:46:23] [Server thread/INFO]: ThreadedAnvilChunkStorage (DIM-1): All chunks are saved
[16:46:23] [Server thread/INFO]: ThreadedAnvilChunkStorage: All dimensions are saved
